2025-02-21 01:05:53,480 - INFO - [1m[36mRecursive Web Crawler starting at 21/02/2025 01:05:53[0m
2025-02-21 01:05:53,480 - INFO - --------------------------------------------------------------------------------
2025-02-21 01:05:53,481 - INFO - [*] URL             https://schoolworkspro.com/modules/st5062cem-programming-and-algorithms-2/courseworkdocumentation
2025-02-21 01:05:53,481 - INFO - [*] Max Depth       : 4
2025-02-21 01:05:53,481 - INFO - --------------------------------------------------------------------------------
2025-02-21 01:05:53,574 - INFO - [+] JS Files : https://public.tableau.com/javascripts/api/tableau-2.min.js
2025-02-21 01:05:53,574 - INFO - [+] JS Files : https://public.tableau.com/javascripts/api/tableau.embedding.3.latest.min.js
2025-02-21 01:05:53,575 - INFO - [+] JS Files : /static/js/main.b9cd65b4.js
2025-02-21 01:05:53,575 - INFO - [+] JS Files : /assets/js/jquery.min.js
2025-02-21 01:05:53,575 - INFO - [+] JS Files : /assets/js/popper.min.js
2025-02-21 01:05:53,575 - INFO - [+] JS Files : /assets/js/bootstrap.min.js
2025-02-21 01:05:53,575 - INFO - [+] JS Files : /assets/js/select2.min.js
2025-02-21 01:05:53,575 - INFO - [+] JS Files : /assets/js/custom.js
2025-02-21 01:05:53,575 - INFO - [+] JS Files : https://call.schoolworkspro.com/external_api.js
2025-02-21 01:06:37,477 - INFO - [1m[36mRecursive Web Crawler starting at 21/02/2025 01:06:37[0m
2025-02-21 01:06:37,478 - INFO - --------------------------------------------------------------------------------
2025-02-21 01:06:37,478 - INFO - [*] URL             https://schoolworkspro.com/modules/st5062cem-programming-and-algorithms-2/courseworkdocumentation
2025-02-21 01:06:37,478 - INFO - [*] Max Depth       : 4
2025-02-21 01:06:37,478 - INFO - --------------------------------------------------------------------------------
2025-02-21 01:06:37,546 - INFO - [+] JS Files : https://public.tableau.com/javascripts/api/tableau-2.min.js
2025-02-21 01:06:37,546 - INFO - [+] JS Files : https://public.tableau.com/javascripts/api/tableau.embedding.3.latest.min.js
2025-02-21 01:06:37,546 - INFO - [+] JS Files : /static/js/main.b9cd65b4.js
2025-02-21 01:06:37,546 - INFO - [+] JS Files : /assets/js/jquery.min.js
2025-02-21 01:06:37,546 - INFO - [+] JS Files : /assets/js/popper.min.js
2025-02-21 01:06:37,547 - INFO - [+] JS Files : /assets/js/bootstrap.min.js
2025-02-21 01:06:37,547 - INFO - [+] JS Files : /assets/js/select2.min.js
2025-02-21 01:06:37,547 - INFO - [+] JS Files : /assets/js/custom.js
2025-02-21 01:06:37,547 - INFO - [+] JS Files : https://call.schoolworkspro.com/external_api.js
2025-02-21 16:03:38,833 - INFO - [1m[36mRecursive Web Crawler starting at 21/02/2025 16:03:38[0m
2025-02-21 16:03:38,834 - INFO - --------------------------------------------------------------------------------
2025-02-21 16:03:38,834 - INFO - [*] URL             https://schoolworkspro.com/
2025-02-21 16:03:38,834 - INFO - [*] Max Depth       : 4
2025-02-21 16:03:38,834 - INFO - --------------------------------------------------------------------------------
2025-02-21 16:03:38,958 - INFO - [+] JS Files : https://public.tableau.com/javascripts/api/tableau-2.min.js
2025-02-21 16:03:38,958 - INFO - [+] JS Files : https://public.tableau.com/javascripts/api/tableau.embedding.3.latest.min.js
2025-02-21 16:03:38,959 - INFO - [+] JS Files : /static/js/main.b9cd65b4.js
2025-02-21 16:03:38,959 - INFO - [+] JS Files : /assets/js/jquery.min.js
2025-02-21 16:03:38,959 - INFO - [+] JS Files : /assets/js/popper.min.js
2025-02-21 16:03:38,959 - INFO - [+] JS Files : /assets/js/bootstrap.min.js
2025-02-21 16:03:38,959 - INFO - [+] JS Files : /assets/js/select2.min.js
2025-02-21 16:03:38,960 - INFO - [+] JS Files : /assets/js/custom.js
2025-02-21 16:03:38,960 - INFO - [+] JS Files : https://call.schoolworkspro.com/external_api.js
